Arguments: 
  /usr/bin/node /usr/bin/yarn test

PATH: 
  /usr/local/sbin:/usr/local/bin:/usr/sbin:/usr/bin:/sbin:/bin

Yarn version: 
  1.22.19

Node version: 
  14.19.1

Platform: 
  linux x64

Trace: 
  SyntaxError: /alx-react/0x01-react_intro/task_5/dashboard/package.json: Unexpected end of JSON input
      at JSON.parse (<anonymous>)
      at /usr/lib/node_modules/yarn/lib/cli.js:1629:59
      at Generator.next (<anonymous>)
      at step (/usr/lib/node_modules/yarn/lib/cli.js:310:30)
      at /usr/lib/node_modules/yarn/lib/cli.js:321:13

npm manifest: 
  {
    "name": "dashboard",
    "version": "1.0.0",
    "description": "",
    "main": "index.js",
    "scripts": {
      "test": "jest",
      "build": "webpack --mode production --config config/webpack.config.js",
      "start": "webpack serve --open --mode development --config config/webpack.config.js"
    },
    "keywords": [],
    "author": "",
    "license": "ISC",
    "devDependencies": {
      "@babel/core": "^7.22.1",
      "@babel/preset-env": "^7.22.4",
      "@babel/preset-react": "^7.22.3",
      "babel-loader": "^9.1.2",
      "css-loader": "^6.8.1",
      "file-loader": "^6.2.0",
      "html-webpack-plugin": "^5.5.1",
      "image-webpack-loader": "^8.1.0",
      "inline-source-map": "^0.6.2",
      "style-loader": "^3.3.3",
      "webpack": "^5.85.0",
      "webpack-cli": "^5.1.1",
      "webpack-dev-server": "^4.15.0"
    },
    "dependencies": {
      "@types/jest": "^29.5.2",
      "enzyme": "^3.11.0",
      "enzyme-adapter-react-16": "^1.15.7",
      "jest": "^29.5.0"
    },
    "jest": {
      "setupFiles": [
        "<rootDir>/config/setupTests.js"
      ],
      "moduleNameMapper": {
        "\\.(css|sass)$": "<rootDir>/__mocks__/styleMock.js",
        "\\.(jpg|jpeg|png|gif|ttf|eot|svg)$": "<rootDir>/__mocks__/fileMock.js"
      }
  }

yarn manifest: 
  No manifest

Lockfile: 
  No lockfile
